     _  _  _  _  _  _
     1  2  3  4  5  6
-------------------------
|  | 4| 5| 4| 4| 2| 4|  |
| 0|-----------------| 0|
|  | 4| 4| 5| 4| 4| 4|  | <--
-------------------------
     6  5  4  3  2  1

Player 1 makes move 1.
     _  _  _  _  _  _
     1  2  3  4  5  6
-------------------------
|  | 4| 5| 4| 5| 3| 5|  | <--
| 0|-----------------| 1|
|  | 4| 4| 5| 4| 4| 0|  |
-------------------------
     6  5  4  3  2  1

Player 2 makes move 2.
     _  _  _  _  _  _
     1  2  3  4  5  6
-------------------------
|  | 5| 0| 4| 5| 3| 5|  |
| 1|-----------------| 1|
|  | 5| 5| 6| 4| 4| 0|  | <--
-------------------------
     6  5  4  3  2  1

Player 1 makes move 5.
     _  _  _  _  _  _
     1  2  3  4  5  6
-------------------------
|  | 5| 0| 4| 5| 3| 5|  |
| 1|-----------------| 2|
|  | 5| 0| 7| 5| 5| 1|  | <--
-------------------------
     6  5  4  3  2  1

Player 1 makes move 1.
     _  _  _  _  _  _
     1  2  3  4  5  6
-------------------------
|  | 5| 0| 4| 5| 3| 5|  |
| 1|-----------------| 3|
|  | 5| 0| 7| 5| 5| 0|  | <--
-------------------------
     6  5  4  3  2  1

Player 1 makes move 2.
     _  _  _  _  _  _
     1  2  3  4  5  6
-------------------------
|  | 5| 0| 4| 6| 4| 6|  | <--
| 1|-----------------| 4|
|  | 5| 0| 7| 5| 0| 1|  |
-------------------------
     6  5  4  3  2  1

Player 2 makes move 6.
     _  _  _  _  _  _
     1  2  3  4  5  6
-------------------------
|  | 6| 1| 5| 7| 5| 0|  | <--
| 2|-----------------| 4|
|  | 5| 0| 7| 5| 0| 1|  |
-------------------------
     6  5  4  3  2  1

Player 2 makes move 3.
     _  _  _  _  _  _
     1  2  3  4  5  6
-------------------------
|  | 7| 2| 0| 7| 5| 0|  |
| 3|-----------------| 4|
|  | 6| 1| 7| 5| 0| 1|  | <--
-------------------------
     6  5  4  3  2  1

Player 1 makes move 1.
     _  _  _  _  _  _
     1  2  3  4  5  6
-------------------------
|  | 7| 2| 0| 7| 5| 0|  |
| 3|-----------------| 5|
|  | 6| 1| 7| 5| 0| 0|  | <--
-------------------------
     6  5  4  3  2  1

Player 1 makes move 6.
     _  _  _  _  _  _
     1  2  3  4  5  6
-------------------------
|  | 7| 2| 0| 7| 5| 0|  |
| 3|-----------------| 6|
|  | 0| 2| 8| 6| 1| 1|  | <--
-------------------------
     6  5  4  3  2  1

Player 1 makes move 1.
     _  _  _  _  _  _
     1  2  3  4  5  6
-------------------------
|  | 7| 2| 0| 7| 5| 0|  |
| 3|-----------------| 7|
|  | 0| 2| 8| 6| 1| 0|  | <--
-------------------------
     6  5  4  3  2  1

Player 1 makes move 3.
     _  _  _  _  _  _
     1  2  3  4  5  6
-------------------------
|  | 7| 2| 0| 8| 6| 1|  | <--
| 3|-----------------| 8|
|  | 0| 2| 8| 0| 2| 1|  |
-------------------------
     6  5  4  3  2  1

Player 2 makes move 2.
     _  _  _  _  _  _
     1  2  3  4  5  6
-------------------------
|  | 8| 0| 0| 8| 6| 1|  | <--
| 4|-----------------| 8|
|  | 0| 2| 8| 0| 2| 1|  |
-------------------------
     6  5  4  3  2  1

Player 2 makes move 1.
     _  _  _  _  _  _
     1  2  3  4  5  6
-------------------------
|  | 0| 0| 0| 8| 6| 2|  |
| 5|-----------------| 8|
|  | 1| 3| 9| 1| 3| 2|  | <--
-------------------------
     6  5  4  3  2  1

Player 1 makes move 6.
     _  _  _  _  _  _
     1  2  3  4  5  6
-------------------------
|  | 0| 0| 0| 8| 6| 2|  | <--
| 5|-----------------| 8|
|  | 0| 4| 9| 1| 3| 2|  |
-------------------------
     6  5  4  3  2  1

Player 2 makes move 4.
     _  _  _  _  _  _
     1  2  3  4  5  6
-------------------------
|  | 1| 1| 1| 0| 6| 2|  |
| 6|-----------------| 8|
|  | 1| 5|10| 2| 3| 2|  | <--
-------------------------
     6  5  4  3  2  1

Player 1 makes move 1.
     _  _  _  _  _  _
     1  2  3  4  5  6
-------------------------
|  | 1| 1| 1| 0| 6| 3|  | <--
| 6|-----------------| 9|
|  | 1| 5|10| 2| 3| 0|  |
-------------------------
     6  5  4  3  2  1

Player 2 makes move 1.
     _  _  _  _  _  _
     1  2  3  4  5  6
-------------------------
|  | 0| 1| 1| 0| 6| 3|  | <--
| 7|-----------------| 9|
|  | 1| 5|10| 2| 3| 0|  |
-------------------------
     6  5  4  3  2  1

Player 2 makes move 2.
     _  _  _  _  _  _
     1  2  3  4  5  6
-------------------------
|  | 0| 0| 1| 0| 6| 3|  |
| 9|-----------------| 9|
|  | 0| 5|10| 2| 3| 0|  | <--
-------------------------
     6  5  4  3  2  1

Player 1 makes move 5.
     _  _  _  _  _  _
     1  2  3  4  5  6
-------------------------
|  | 0| 0| 1| 0| 6| 3|  |
| 9|-----------------|10|
|  | 0| 0|11| 3| 4| 1|  | <--
-------------------------
     6  5  4  3  2  1

Player 1 makes move 1.
     _  _  _  _  _  _
     1  2  3  4  5  6
-------------------------
|  | 0| 0| 1| 0| 6| 3|  |
| 9|-----------------|11|
|  | 0| 0|11| 3| 4| 0|  | <--
-------------------------
     6  5  4  3  2  1

Player 1 makes move 2.
     _  _  _  _  _  _
     1  2  3  4  5  6
-------------------------
|  | 0| 0| 1| 0| 7| 4|  | <--
| 9|-----------------|12|
|  | 0| 0|11| 3| 0| 1|  |
-------------------------
     6  5  4  3  2  1

Player 2 makes move 6.
     _  _  _  _  _  _
     1  2  3  4  5  6
-------------------------
|  | 0| 0| 2| 1| 8| 0|  |
|10|-----------------|12|
|  | 0| 0|11| 3| 0| 1|  | <--
-------------------------
     6  5  4  3  2  1

Player 1 makes move 1.
     _  _  _  _  _  _
     1  2  3  4  5  6
-------------------------
|  | 0| 0| 2| 1| 8| 0|  |
|10|-----------------|13|
|  | 0| 0|11| 3| 0| 0|  | <--
-------------------------
     6  5  4  3  2  1

Player 1 makes move 3.
     _  _  _  _  _  _
     1  2  3  4  5  6
-------------------------
|  | 0| 0| 2| 1| 8| 0|  |
|10|-----------------|14|
|  | 0| 0|11| 0| 1| 1|  | <--
-------------------------
     6  5  4  3  2  1

Player 1 makes move 1.
     _  _  _  _  _  _
     1  2  3  4  5  6
-------------------------
|  | 0| 0| 2| 1| 8| 0|  |
|10|-----------------|15|
|  | 0| 0|11| 0| 1| 0|  | <--
-------------------------
     6  5  4  3  2  1

Player 1 makes move 4.
     _  _  _  _  _  _
     1  2  3  4  5  6
-------------------------
|  | 0| 1| 3| 2| 9| 1|  | <--
|10|-----------------|18|
|  | 0| 0| 0| 1| 2| 1|  |
-------------------------
     6  5  4  3  2  1

Player 2 makes move 3.
     _  _  _  _  _  _
     1  2  3  4  5  6
-------------------------
|  | 1| 2| 0| 2| 9| 1|  | <--
|11|-----------------|18|
|  | 0| 0| 0| 1| 2| 1|  |
-------------------------
     6  5  4  3  2  1

Player 2 makes move 1.
     _  _  _  _  _  _
     1  2  3  4  5  6
-------------------------
|  | 0| 2| 0| 2| 9| 1|  | <--
|12|-----------------|18|
|  | 0| 0| 0| 1| 2| 1|  |
-------------------------
     6  5  4  3  2  1

Player 2 makes move 2.
     _  _  _  _  _  _
     1  2  3  4  5  6
-------------------------
|  | 1| 0| 0| 2| 9| 1|  | <--
|13|-----------------|18|
|  | 0| 0| 0| 1| 2| 1|  |
-------------------------
     6  5  4  3  2  1

Player 2 makes move 1.
     _  _  _  _  _  _
     1  2  3  4  5  6
-------------------------
|  | 0| 0| 0| 2| 9| 1|  | <--
|14|-----------------|18|
|  | 0| 0| 0| 1| 2| 1|  |
-------------------------
     6  5  4  3  2  1

Player 2 makes move 5.
     _  _  _  _  _  _
     1  2  3  4  5  6
-------------------------
|  | 1| 1| 1| 3| 0| 1|  |
|15|-----------------|18|
|  | 1| 1| 1| 2| 2| 1|  | <--
-------------------------
     6  5  4  3  2  1

Player 1 makes move 1.
     _  _  _  _  _  _
     1  2  3  4  5  6
-------------------------
|  | 1| 1| 1| 3| 0| 1|  |
|15|-----------------|19|
|  | 1| 1| 1| 2| 2| 0|  | <--
-------------------------
     6  5  4  3  2  1

Player 1 makes move 2.
     _  _  _  _  _  _
     1  2  3  4  5  6
-------------------------
|  | 1| 1| 1| 3| 0| 1|  |
|15|-----------------|20|
|  | 1| 1| 1| 2| 0| 1|  | <--
-------------------------
     6  5  4  3  2  1

Player 1 makes move 6.
     _  _  _  _  _  _
     1  2  3  4  5  6
-------------------------
|  | 1| 1| 1| 3| 0| 1|  | <--
|15|-----------------|20|
|  | 0| 2| 1| 2| 0| 1|  |
-------------------------
     6  5  4  3  2  1

Player 2 makes move 6.
     _  _  _  _  _  _
     1  2  3  4  5  6
-------------------------
|  | 1| 1| 1| 3| 0| 0|  |
|16|-----------------|20|
|  | 0| 2| 1| 2| 0| 1|  | <--
-------------------------
     6  5  4  3  2  1

Player 1 makes move 5.
     _  _  _  _  _  _
     1  2  3  4  5  6
-------------------------
|  | 1| 1| 1| 3| 0| 0|  | <--
|16|-----------------|20|
|  | 0| 0| 2| 3| 0| 1|  |
-------------------------
     6  5  4  3  2  1

Player 2 makes move 3.
     _  _  _  _  _  _
     1  2  3  4  5  6
-------------------------
|  | 1| 2| 0| 3| 0| 0|  |
|16|-----------------|20|
|  | 0| 0| 2| 3| 0| 1|  | <--
-------------------------
     6  5  4  3  2  1

Player 1 makes move 1.
     _  _  _  _  _  _
     1  2  3  4  5  6
-------------------------
|  | 1| 2| 0| 3| 0| 0|  |
|16|-----------------|21|
|  | 0| 0| 2| 3| 0| 0|  | <--
-------------------------
     6  5  4  3  2  1

Player 1 makes move 3.
     _  _  _  _  _  _
     1  2  3  4  5  6
-------------------------
|  | 1| 2| 0| 3| 0| 0|  |
|16|-----------------|22|
|  | 0| 0| 2| 0| 1| 1|  | <--
-------------------------
     6  5  4  3  2  1

Player 1 makes move 4.
     _  _  _  _  _  _
     1  2  3  4  5  6
-------------------------
|  | 1| 2| 0| 3| 0| 0|  | <--
|16|-----------------|22|
|  | 0| 0| 0| 1| 2| 1|  |
-------------------------
     6  5  4  3  2  1

Player 2 makes move 4.
     _  _  _  _  _  _
     1  2  3  4  5  6
-------------------------
|  | 2| 3| 1| 0| 0| 0|  |
|16|-----------------|22|
|  | 0| 0| 0| 1| 2| 1|  | <--
-------------------------
     6  5  4  3  2  1

Player 1 makes move 1.
     _  _  _  _  _  _
     1  2  3  4  5  6
-------------------------
|  | 2| 3| 1| 0| 0| 0|  |
|16|-----------------|23|
|  | 0| 0| 0| 1| 2| 0|  | <--
-------------------------
     6  5  4  3  2  1

Player 1 makes move 2.
     _  _  _  _  _  _
     1  2  3  4  5  6
-------------------------
|  | 2| 3| 1| 0| 0| 0|  |
|16|-----------------|24|
|  | 0| 0| 0| 1| 0| 1|  | <--
-------------------------
     6  5  4  3  2  1

Player 1 makes move 3.
     _  _  _  _  _  _
     1  2  3  4  5  6
-------------------------
|  | 2| 3| 1| 0| 0| 0|  | <--
|16|-----------------|25|
|  | 0| 0| 0| 0| 0| 1|  |
-------------------------
     6  5  4  3  2  1

Player 2 makes move 3.
     _  _  _  _  _  _
     1  2  3  4  5  6
-------------------------
|  | 2| 4| 0| 0| 0| 0|  |
|16|-----------------|25|
|  | 0| 0| 0| 0| 0| 1|  | <--
-------------------------
     6  5  4  3  2  1

Player 1 makes move 1.
     _  _  _  _  _  _
     1  2  3  4  5  6
-------------------------
|  | 0| 0| 0| 0| 0| 0|  |
|22|-----------------|26|
|  | 0| 0| 0| 0| 0| 0|  | <--
-------------------------
     6  5  4  3  2  1

Time Taken (ms): 
Player 1: 7485
Player 2: 7232
PLAYER 1 WINS
-----------------------------------------------------------------------------------
     _  _  _  _  _  _
     1  2  3  4  5  6
-------------------------
|  | 4| 5| 4| 3| 4| 4|  |
| 0|-----------------| 0|
|  | 4| 3| 4| 4| 5| 4|  | <--
-------------------------
     6  5  4  3  2  1

Player 1 makes move 4.
     _  _  _  _  _  _
     1  2  3  4  5  6
-------------------------
|  | 4| 5| 4| 3| 4| 4|  |
| 0|-----------------| 1|
|  | 4| 3| 0| 5| 6| 5|  | <--
-------------------------
     6  5  4  3  2  1

Player 1 makes move 3.
     _  _  _  _  _  _
     1  2  3  4  5  6
-------------------------
|  | 4| 5| 4| 3| 5| 5|  | <--
| 0|-----------------| 2|
|  | 4| 3| 0| 0| 7| 6|  |
-------------------------
     6  5  4  3  2  1

Player 2 makes move 5.
     _  _  _  _  _  _
     1  2  3  4  5  6
-------------------------
|  | 5| 6| 5| 4| 0| 5|  | <--
| 1|-----------------| 2|
|  | 4| 3| 0| 0| 7| 6|  |
-------------------------
     6  5  4  3  2  1

Player 2 makes move 3.
     _  _  _  _  _  _
     1  2  3  4  5  6
-------------------------
|  | 6| 7| 0| 4| 0| 5|  |
| 2|-----------------| 2|
|  | 5| 4| 0| 0| 7| 6|  | <--
-------------------------
     6  5  4  3  2  1

Player 1 makes move 6.
     _  _  _  _  _  _
     1  2  3  4  5  6
-------------------------
|  | 6| 7| 0| 4| 0| 5|  | <--
| 2|-----------------| 2|
|  | 0| 5| 1| 1| 8| 7|  |
-------------------------
     6  5  4  3  2  1

Player 2 makes move 4.
     _  _  _  _  _  _
     1  2  3  4  5  6
-------------------------
|  | 7| 8| 1| 0| 0| 5|  | <--
| 3|-----------------| 2|
|  | 0| 5| 1| 1| 8| 7|  |
-------------------------
     6  5  4  3  2  1

Player 2 makes move 2.
     _  _  _  _  _  _
     1  2  3  4  5  6
-------------------------
|  | 8| 0| 1| 0| 0| 5|  |
| 4|-----------------| 2|
|  | 1| 6| 2| 2| 9| 8|  | <--
-------------------------
     6  5  4  3  2  1

Player 1 makes move 5.
     _  _  _  _  _  _
     1  2  3  4  5  6
-------------------------
|  | 8| 0| 1| 0| 0| 6|  | <--
| 4|-----------------| 3|
|  | 1| 0| 3| 3|10| 9|  |
-------------------------
     6  5  4  3  2  1

Player 2 makes move 6.
     _  _  _  _  _  _
     1  2  3  4  5  6
-------------------------
|  | 9| 1| 2| 1| 1| 0|  | <--
| 5|-----------------| 3|
|  | 1| 0| 3| 3|10| 9|  |
-------------------------
     6  5  4  3  2  1

Player 2 makes move 1.
     _  _  _  _  _  _
     1  2  3  4  5  6
-------------------------
|  | 0| 1| 2| 1| 2| 1|  |
| 6|-----------------| 3|
|  | 2| 1| 4| 4|11|10|  | <--
-------------------------
     6  5  4  3  2  1

Player 1 makes move 4.
     _  _  _  _  _  _
     1  2  3  4  5  6
-------------------------
|  | 0| 1| 2| 1| 2| 1|  |
| 6|-----------------| 4|
|  | 2| 1| 0| 5|12|11|  | <--
-------------------------
     6  5  4  3  2  1

Player 1 makes move 6.
     _  _  _  _  _  _
     1  2  3  4  5  6
-------------------------
|  | 0| 1| 0| 1| 2| 1|  | <--
| 6|-----------------| 7|
|  | 0| 2| 0| 5|12|11|  |
-------------------------
     6  5  4  3  2  1

Player 2 makes move 2.
     _  _  _  _  _  _
     1  2  3  4  5  6
-------------------------
|  | 0| 0| 0| 1| 2| 1|  |
| 7|-----------------| 7|
|  | 0| 2| 0| 5|12|11|  | <--
-------------------------
     6  5  4  3  2  1

Player 1 makes move 2.
     _  _  _  _  _  _
     1  2  3  4  5  6
-------------------------
|  | 1| 1| 1| 2| 3| 2|  | <--
| 7|-----------------| 8|
|  | 1| 3| 1| 6| 0|12|  |
-------------------------
     6  5  4  3  2  1

Player 2 makes move 1.
     _  _  _  _  _  _
     1  2  3  4  5  6
-------------------------
|  | 0| 1| 1| 2| 3| 2|  | <--
| 8|-----------------| 8|
|  | 1| 3| 1| 6| 0|12|  |
-------------------------
     6  5  4  3  2  1

Player 2 makes move 5.
     _  _  _  _  _  _
     1  2  3  4  5  6
-------------------------
|  | 0| 2| 2| 3| 0| 2|  |
| 8|-----------------| 8|
|  | 1| 3| 1| 6| 0|12|  | <--
-------------------------
     6  5  4  3  2  1

Player 1 makes move 1.
     _  _  _  _  _  _
     1  2  3  4  5  6
-------------------------
|  | 1| 3| 3| 4| 0| 3|  | <--
| 8|-----------------|11|
|  | 2| 4| 2| 7| 0| 0|  |
-------------------------
     6  5  4  3  2  1

Player 2 makes move 1.
     _  _  _  _  _  _
     1  2  3  4  5  6
-------------------------
|  | 0| 3| 3| 4| 0| 3|  | <--
| 9|-----------------|11|
|  | 2| 4| 2| 7| 0| 0|  |
-------------------------
     6  5  4  3  2  1

Player 2 makes move 3.
     _  _  _  _  _  _
     1  2  3  4  5  6
-------------------------
|  | 1| 4| 0| 4| 0| 3|  | <--
|10|-----------------|11|
|  | 2| 4| 2| 7| 0| 0|  |
-------------------------
     6  5  4  3  2  1

Player 2 makes move 6.
     _  _  _  _  _  _
     1  2  3  4  5  6
-------------------------
|  | 1| 4| 0| 5| 1| 0|  |
|13|-----------------|11|
|  | 2| 4| 0| 7| 0| 0|  | <--
-------------------------
     6  5  4  3  2  1

Player 1 makes move 3.
     _  _  _  _  _  _
     1  2  3  4  5  6
-------------------------
|  | 1| 4| 1| 6| 2| 1|  | <--
|13|-----------------|12|
|  | 2| 4| 0| 0| 1| 1|  |
-------------------------
     6  5  4  3  2  1

Player 2 makes move 1.
     _  _  _  _  _  _
     1  2  3  4  5  6
-------------------------
|  | 0| 4| 1| 6| 2| 1|  | <--
|14|-----------------|12|
|  | 2| 4| 0| 0| 1| 1|  |
-------------------------
     6  5  4  3  2  1

Player 2 makes move 2.
     _  _  _  _  _  _
     1  2  3  4  5  6
-------------------------
|  | 1| 0| 1| 6| 2| 1|  |
|15|-----------------|12|
|  | 3| 5| 0| 0| 1| 1|  | <--
-------------------------
     6  5  4  3  2  1

Player 1 makes move 5.
     _  _  _  _  _  _
     1  2  3  4  5  6
-------------------------
|  | 1| 0| 1| 6| 2| 1|  |
|15|-----------------|13|
|  | 3| 0| 1| 1| 2| 2|  | <--
-------------------------
     6  5  4  3  2  1

Player 1 makes move 2.
     _  _  _  _  _  _
     1  2  3  4  5  6
-------------------------
|  | 1| 0| 1| 6| 2| 1|  |
|15|-----------------|14|
|  | 3| 0| 1| 1| 0| 3|  | <--
-------------------------
     6  5  4  3  2  1

Player 1 makes move 3.
     _  _  _  _  _  _
     1  2  3  4  5  6
-------------------------
|  | 1| 0| 1| 6| 0| 1|  | <--
|15|-----------------|17|
|  | 3| 0| 1| 0| 0| 3|  |
-------------------------
     6  5  4  3  2  1

Player 2 makes move 1.
     _  _  _  _  _  _
     1  2  3  4  5  6
-------------------------
|  | 0| 0| 1| 6| 0| 1|  | <--
|16|-----------------|17|
|  | 3| 0| 1| 0| 0| 3|  |
-------------------------
     6  5  4  3  2  1

Player 2 makes move 4.
     _  _  _  _  _  _
     1  2  3  4  5  6
-------------------------
|  | 1| 1| 2| 0| 0| 1|  |
|17|-----------------|17|
|  | 4| 1| 1| 0| 0| 3|  | <--
-------------------------
     6  5  4  3  2  1

Player 1 makes move 6.
     _  _  _  _  _  _
     1  2  3  4  5  6
-------------------------
|  | 1| 1| 2| 0| 0| 1|  | <--
|17|-----------------|18|
|  | 0| 2| 2| 1| 0| 3|  |
-------------------------
     6  5  4  3  2  1

Player 2 makes move 6.
     _  _  _  _  _  _
     1  2  3  4  5  6
-------------------------
|  | 1| 1| 2| 0| 0| 0|  |
|18|-----------------|18|
|  | 0| 2| 2| 1| 0| 3|  | <--
-------------------------
     6  5  4  3  2  1

Player 1 makes move 5.
     _  _  _  _  _  _
     1  2  3  4  5  6
-------------------------
|  | 1| 1| 2| 0| 0| 0|  | <--
|18|-----------------|18|
|  | 0| 0| 3| 2| 0| 3|  |
-------------------------
     6  5  4  3  2  1

Player 2 makes move 1.
     _  _  _  _  _  _
     1  2  3  4  5  6
-------------------------
|  | 0| 1| 2| 0| 0| 0|  | <--
|19|-----------------|18|
|  | 0| 0| 3| 2| 0| 3|  |
-------------------------
     6  5  4  3  2  1

Player 2 makes move 3.
     _  _  _  _  _  _
     1  2  3  4  5  6
-------------------------
|  | 0| 2| 0| 0| 0| 0|  |
|20|-----------------|18|
|  | 0| 0| 3| 2| 0| 3|  | <--
-------------------------
     6  5  4  3  2  1

Player 1 makes move 4.
     _  _  _  _  _  _
     1  2  3  4  5  6
-------------------------
|  | 0| 2| 0| 0| 0| 0|  | <--
|20|-----------------|18|
|  | 0| 0| 0| 3| 1| 4|  |
-------------------------
     6  5  4  3  2  1

Player 2 makes move 2.
     _  _  _  _  _  _
     1  2  3  4  5  6
-------------------------
|  | 1| 0| 0| 0| 0| 0|  | <--
|21|-----------------|18|
|  | 0| 0| 0| 3| 1| 4|  |
-------------------------
     6  5  4  3  2  1

Player 2 makes move 1.
     _  _  _  _  _  _
     1  2  3  4  5  6
-------------------------
|  | 0| 0| 0| 0| 0| 0|  | <--
|22|-----------------|26|
|  | 0| 0| 0| 0| 0| 0|  |
-------------------------
     6  5  4  3  2  1

Time Taken (ms): 
Player 1: 7091
Player 2: 7390
PLAYER 1 WINS
-----------------------------------------------------------------------------------
     _  _  _  _  _  _
     1  2  3  4  5  6
-------------------------
|  | 4| 4| 4| 3| 4| 4|  |
| 0|-----------------| 1|
|  | 4| 4| 5| 4| 3| 4|  | <--
-------------------------
     6  5  4  3  2  1

Player 1 makes move 1.
     _  _  _  _  _  _
     1  2  3  4  5  6
-------------------------
|  | 4| 4| 4| 4| 5| 5|  | <--
| 0|-----------------| 2|
|  | 4| 4| 5| 4| 3| 0|  |
-------------------------
     6  5  4  3  2  1

Player 2 makes move 4.
     _  _  _  _  _  _
     1  2  3  4  5  6
-------------------------
|  | 5| 5| 5| 0| 5| 5|  | <--
| 1|-----------------| 2|
|  | 4| 4| 5| 4| 3| 0|  |
-------------------------
     6  5  4  3  2  1

Player 2 makes move 3.
     _  _  _  _  _  _
     1  2  3  4  5  6
-------------------------
|  | 6| 6| 0| 0| 5| 5|  |
| 2|-----------------| 2|
|  | 5| 5| 5| 4| 3| 0|  | <--
-------------------------
     6  5  4  3  2  1

Player 1 makes move 5.
     _  _  _  _  _  _
     1  2  3  4  5  6
-------------------------
|  | 6| 6| 0| 0| 5| 5|  |
| 2|-----------------| 3|
|  | 5| 0| 6| 5| 4| 1|  | <--
-------------------------
     6  5  4  3  2  1

Player 1 makes move 1.
     _  _  _  _  _  _
     1  2  3  4  5  6
-------------------------
|  | 6| 6| 0| 0| 5| 5|  |
| 2|-----------------| 4|
|  | 5| 0| 6| 5| 4| 0|  | <--
-------------------------
     6  5  4  3  2  1

Player 1 makes move 3.
     _  _  _  _  _  _
     1  2  3  4  5  6
-------------------------
|  | 6| 6| 0| 0| 6| 6|  | <--
| 2|-----------------| 5|
|  | 5| 0| 6| 0| 5| 1|  |
-------------------------
     6  5  4  3  2  1

Player 2 makes move 6.
     _  _  _  _  _  _
     1  2  3  4  5  6
-------------------------
|  | 7| 7| 1| 1| 7| 0|  | <--
| 3|-----------------| 5|
|  | 5| 0| 6| 0| 5| 1|  |
-------------------------
     6  5  4  3  2  1

Player 2 makes move 2.
     _  _  _  _  _  _
     1  2  3  4  5  6
-------------------------
|  | 8| 0| 1| 1| 7| 0|  |
| 4|-----------------| 5|
|  | 6| 1| 7| 1| 6| 1|  | <--
-------------------------
     6  5  4  3  2  1

Player 1 makes move 1.
     _  _  _  _  _  _
     1  2  3  4  5  6
-------------------------
|  | 8| 0| 1| 1| 7| 0|  |
| 4|-----------------| 6|
|  | 6| 1| 7| 1| 6| 0|  | <--
-------------------------
     6  5  4  3  2  1

Player 1 makes move 6.
     _  _  _  _  _  _
     1  2  3  4  5  6
-------------------------
|  | 8| 0| 1| 1| 7| 0|  |
| 4|-----------------| 7|
|  | 0| 2| 8| 2| 7| 1|  | <--
-------------------------
     6  5  4  3  2  1

Player 1 makes move 1.
     _  _  _  _  _  _
     1  2  3  4  5  6
-------------------------
|  | 8| 0| 1| 1| 7| 0|  |
| 4|-----------------| 8|
|  | 0| 2| 8| 2| 7| 0|  | <--
-------------------------
     6  5  4  3  2  1

Player 1 makes move 2.
     _  _  _  _  _  _
     1  2  3  4  5  6
-------------------------
|  | 8| 1| 2| 2| 8| 1|  | <--
| 4|-----------------| 9|
|  | 0| 2| 8| 2| 0| 1|  |
-------------------------
     6  5  4  3  2  1

Player 2 makes move 3.
     _  _  _  _  _  _
     1  2  3  4  5  6
-------------------------
|  | 9| 2| 0| 2| 8| 1|  |
| 4|-----------------| 9|
|  | 0| 2| 8| 2| 0| 1|  | <--
-------------------------
     6  5  4  3  2  1

Player 1 makes move 1.
     _  _  _  _  _  _
     1  2  3  4  5  6
-------------------------
|  | 9| 2| 0| 2| 8| 1|  |
| 4|-----------------|10|
|  | 0| 2| 8| 2| 0| 0|  | <--
-------------------------
     6  5  4  3  2  1

Player 1 makes move 3.
     _  _  _  _  _  _
     1  2  3  4  5  6
-------------------------
|  | 9| 2| 0| 2| 8| 0|  | <--
| 4|-----------------|12|
|  | 0| 2| 8| 0| 1| 0|  |
-------------------------
     6  5  4  3  2  1

Player 2 makes move 2.
     _  _  _  _  _  _
     1  2  3  4  5  6
-------------------------
|  |10| 0| 0| 2| 8| 0|  | <--
| 5|-----------------|12|
|  | 0| 2| 8| 0| 1| 0|  |
-------------------------
     6  5  4  3  2  1

Player 2 makes move 4.
     _  _  _  _  _  _
     1  2  3  4  5  6
-------------------------
|  |10| 0| 1| 0| 8| 0|  |
| 8|-----------------|12|
|  | 0| 0| 8| 0| 1| 0|  | <--
-------------------------
     6  5  4  3  2  1

Player 1 makes move 4.
     _  _  _  _  _  _
     1  2  3  4  5  6
-------------------------
|  |10| 0| 2| 1| 9| 1|  | <--
| 8|-----------------|13|
|  | 0| 0| 0| 1| 2| 1|  |
-------------------------
     6  5  4  3  2  1

Player 2 makes move 1.
     _  _  _  _  _  _
     1  2  3  4  5  6
-------------------------
|  | 0| 0| 2| 2|10| 2|  |
| 9|-----------------|13|
|  | 1| 1| 1| 2| 3| 2|  | <--
-------------------------
     6  5  4  3  2  1

Player 1 makes move 1.
     _  _  _  _  _  _
     1  2  3  4  5  6
-------------------------
|  | 0| 0| 2| 2|10| 3|  | <--
| 9|-----------------|14|
|  | 1| 1| 1| 2| 3| 0|  |
-------------------------
     6  5  4  3  2  1

Player 2 makes move 5.
     _  _  _  _  _  _
     1  2  3  4  5  6
-------------------------
|  | 1| 1| 3| 3| 0| 3|  |
|10|-----------------|14|
|  | 2| 2| 2| 3| 4| 0|  | <--
-------------------------
     6  5  4  3  2  1

Player 1 makes move 2.
     _  _  _  _  _  _
     1  2  3  4  5  6
-------------------------
|  | 1| 1| 3| 3| 1| 4|  | <--
|10|-----------------|15|
|  | 2| 2| 2| 3| 0| 1|  |
-------------------------
     6  5  4  3  2  1

Player 2 makes move 1.
     _  _  _  _  _  _
     1  2  3  4  5  6
-------------------------
|  | 0| 1| 3| 3| 1| 4|  | <--
|11|-----------------|15|
|  | 2| 2| 2| 3| 0| 1|  |
-------------------------
     6  5  4  3  2  1

Player 2 makes move 3.
     _  _  _  _  _  _
     1  2  3  4  5  6
-------------------------
|  | 1| 2| 0| 3| 1| 4|  | <--
|12|-----------------|15|
|  | 2| 2| 2| 3| 0| 1|  |
-------------------------
     6  5  4  3  2  1

Player 2 makes move 2.
     _  _  _  _  _  _
     1  2  3  4  5  6
-------------------------
|  | 2| 0| 0| 3| 1| 4|  | <--
|13|-----------------|15|
|  | 2| 2| 2| 3| 0| 1|  |
-------------------------
     6  5  4  3  2  1

Player 2 makes move 6.
     _  _  _  _  _  _
     1  2  3  4  5  6
-------------------------
|  | 2| 0| 1| 4| 2| 0|  |
|16|-----------------|15|
|  | 2| 0| 2| 3| 0| 1|  | <--
-------------------------
     6  5  4  3  2  1

Player 1 makes move 3.
     _  _  _  _  _  _
     1  2  3  4  5  6
-------------------------
|  | 2| 0| 1| 4| 2| 0|  |
|16|-----------------|16|
|  | 2| 0| 2| 0| 1| 2|  | <--
-------------------------
     6  5  4  3  2  1

Player 1 makes move 2.
     _  _  _  _  _  _
     1  2  3  4  5  6
-------------------------
|  | 2| 0| 1| 4| 2| 0|  | <--
|16|-----------------|16|
|  | 2| 0| 2| 0| 0| 3|  |
-------------------------
     6  5  4  3  2  1

Player 2 makes move 5.
     _  _  _  _  _  _
     1  2  3  4  5  6
-------------------------
|  | 2| 0| 2| 5| 0| 0|  |
|16|-----------------|16|
|  | 2| 0| 2| 0| 0| 3|  | <--
-------------------------
     6  5  4  3  2  1

Player 1 makes move 6.
     _  _  _  _  _  _
     1  2  3  4  5  6
-------------------------
|  | 2| 0| 2| 5| 0| 0|  | <--
|16|-----------------|16|
|  | 0| 1| 3| 0| 0| 3|  |
-------------------------
     6  5  4  3  2  1

Player 2 makes move 1.
     _  _  _  _  _  _
     1  2  3  4  5  6
-------------------------
|  | 0| 0| 2| 5| 0| 0|  |
|17|-----------------|16|
|  | 1| 1| 3| 0| 0| 3|  | <--
-------------------------
     6  5  4  3  2  1

Player 1 makes move 6.
     _  _  _  _  _  _
     1  2  3  4  5  6
-------------------------
|  | 0| 0| 2| 5| 0| 0|  | <--
|17|-----------------|16|
|  | 0| 2| 3| 0| 0| 3|  |
-------------------------
     6  5  4  3  2  1

Player 2 makes move 4.
     _  _  _  _  _  _
     1  2  3  4  5  6
-------------------------
|  | 1| 1| 3| 0| 0| 0|  |
|18|-----------------|16|
|  | 1| 2| 3| 0| 0| 3|  | <--
-------------------------
     6  5  4  3  2  1

Player 1 makes move 6.
     _  _  _  _  _  _
     1  2  3  4  5  6
-------------------------
|  | 1| 1| 3| 0| 0| 0|  | <--
|18|-----------------|16|
|  | 0| 3| 3| 0| 0| 3|  |
-------------------------
     6  5  4  3  2  1

Player 2 makes move 1.
     _  _  _  _  _  _
     1  2  3  4  5  6
-------------------------
|  | 0| 1| 3| 0| 0| 0|  | <--
|19|-----------------|16|
|  | 0| 3| 3| 0| 0| 3|  |
-------------------------
     6  5  4  3  2  1

Player 2 makes move 3.
     _  _  _  _  _  _
     1  2  3  4  5  6
-------------------------
|  | 1| 2| 0| 0| 0| 0|  | <--
|20|-----------------|16|
|  | 0| 3| 3| 0| 0| 3|  |
-------------------------
     6  5  4  3  2  1

Player 2 makes move 1.
     _  _  _  _  _  _
     1  2  3  4  5  6
-------------------------
|  | 0| 2| 0| 0| 0| 0|  | <--
|21|-----------------|16|
|  | 0| 3| 3| 0| 0| 3|  |
-------------------------
     6  5  4  3  2  1

Player 2 makes move 2.
     _  _  _  _  _  _
     1  2  3  4  5  6
-------------------------
|  | 1| 0| 0| 0| 0| 0|  | <--
|22|-----------------|16|
|  | 0| 3| 3| 0| 0| 3|  |
-------------------------
     6  5  4  3  2  1

Player 2 makes move 1.
     _  _  _  _  _  _
     1  2  3  4  5  6
-------------------------
|  | 0| 0| 0| 0| 0| 0|  | <--
|23|-----------------|25|
|  | 0| 0| 0| 0| 0| 0|  |
-------------------------
     6  5  4  3  2  1

Time Taken (ms): 
Player 1: 7353
Player 2: 7410
PLAYER 1 WINS
-----------------------------------------------------------------------------------
     _  _  _  _  _  _
     1  2  3  4  5  6
-------------------------
|  | 5| 4| 4| 3| 3| 4|  |
| 0|-----------------| 0|
|  | 4| 4| 5| 4| 4| 4|  | <--
-------------------------
     6  5  4  3  2  1

Player 1 makes move 1.
     _  _  _  _  _  _
     1  2  3  4  5  6
-------------------------
|  | 5| 4| 4| 4| 4| 5|  | <--
| 0|-----------------| 1|
|  | 4| 4| 5| 4| 4| 0|  |
-------------------------
     6  5  4  3  2  1

Player 2 makes move 3.
     _  _  _  _  _  _
     1  2  3  4  5  6
-------------------------
|  | 6| 5| 0| 4| 4| 5|  |
| 1|-----------------| 1|
|  | 5| 4| 5| 4| 4| 0|  | <--
-------------------------
     6  5  4  3  2  1

Player 1 makes move 5.
     _  _  _  _  _  _
     1  2  3  4  5  6
-------------------------
|  | 6| 5| 0| 4| 4| 0|  | <--
| 1|-----------------| 7|
|  | 5| 0| 6| 5| 5| 0|  |
-------------------------
     6  5  4  3  2  1

Player 2 makes move 4.
     _  _  _  _  _  _
     1  2  3  4  5  6
-------------------------
|  | 7| 6| 1| 0| 4| 0|  | <--
| 2|-----------------| 7|
|  | 5| 0| 6| 5| 5| 0|  |
-------------------------
     6  5  4  3  2  1

Player 2 makes move 2.
     _  _  _  _  _  _
     1  2  3  4  5  6
-------------------------
|  | 8| 0| 1| 0| 4| 0|  |
| 3|-----------------| 7|
|  | 6| 1| 7| 6| 5| 0|  | <--
-------------------------
     6  5  4  3  2  1

Player 1 makes move 2.
     _  _  _  _  _  _
     1  2  3  4  5  6
-------------------------
|  | 8| 0| 1| 1| 5| 1|  | <--
| 3|-----------------| 8|
|  | 6| 1| 7| 6| 0| 1|  |
-------------------------
     6  5  4  3  2  1

Player 2 makes move 1.
     _  _  _  _  _  _
     1  2  3  4  5  6
-------------------------
|  | 0| 0| 1| 1| 5| 2|  |
| 4|-----------------| 8|
|  | 7| 2| 8| 7| 1| 2|  | <--
-------------------------
     6  5  4  3  2  1

Player 1 makes move 6.
     _  _  _  _  _  _
     1  2  3  4  5  6
-------------------------
|  | 0| 0| 1| 1| 5| 3|  | <--
| 4|-----------------| 9|
|  | 0| 3| 9| 8| 2| 3|  |
-------------------------
     6  5  4  3  2  1

Player 2 makes move 3.
     _  _  _  _  _  _
     1  2  3  4  5  6
-------------------------
|  | 0| 0| 0| 1| 5| 3|  |
| 8|-----------------| 9|
|  | 0| 0| 9| 8| 2| 3|  | <--
-------------------------
     6  5  4  3  2  1

Player 1 makes move 2.
     _  _  _  _  _  _
     1  2  3  4  5  6
-------------------------
|  | 0| 0| 0| 1| 5| 3|  |
| 8|-----------------|10|
|  | 0| 0| 9| 8| 0| 4|  | <--
-------------------------
     6  5  4  3  2  1

Player 1 makes move 1.
     _  _  _  _  _  _
     1  2  3  4  5  6
-------------------------
|  | 0| 0| 0| 2| 6| 4|  | <--
| 8|-----------------|11|
|  | 0| 0| 9| 8| 0| 0|  |
-------------------------
     6  5  4  3  2  1

Player 2 makes move 5.
     _  _  _  _  _  _
     1  2  3  4  5  6
-------------------------
|  | 1| 1| 1| 3| 0| 4|  |
| 9|-----------------|11|
|  | 1| 0| 9| 8| 0| 0|  | <--
-------------------------
     6  5  4  3  2  1

Player 1 makes move 6.
     _  _  _  _  _  _
     1  2  3  4  5  6
-------------------------
|  | 1| 0| 1| 3| 0| 4|  | <--
| 9|-----------------|13|
|  | 0| 0| 9| 8| 0| 0|  |
-------------------------
     6  5  4  3  2  1

Player 2 makes move 6.
     _  _  _  _  _  _
     1  2  3  4  5  6
-------------------------
|  | 1| 0| 2| 4| 1| 0|  |
|10|-----------------|13|
|  | 0| 0| 9| 8| 0| 0|  | <--
-------------------------
     6  5  4  3  2  1

Player 1 makes move 4.
     _  _  _  _  _  _
     1  2  3  4  5  6
-------------------------
|  | 1| 1| 3| 5| 2| 1|  | <--
|10|-----------------|14|
|  | 0| 0| 0| 9| 1| 1|  |
-------------------------
     6  5  4  3  2  1

Player 2 makes move 6.
     _  _  _  _  _  _
     1  2  3  4  5  6
-------------------------
|  | 1| 1| 3| 5| 3| 0|  |
|10|-----------------|14|
|  | 0| 0| 0| 9| 1| 1|  | <--
-------------------------
     6  5  4  3  2  1

Player 1 makes move 1.
     _  _  _  _  _  _
     1  2  3  4  5  6
-------------------------
|  | 1| 1| 3| 5| 3| 0|  |
|10|-----------------|15|
|  | 0| 0| 0| 9| 1| 0|  | <--
-------------------------
     6  5  4  3  2  1

Player 1 makes move 3.
     _  _  _  _  _  _
     1  2  3  4  5  6
-------------------------
|  | 2| 2| 4| 6| 4| 1|  | <--
|10|-----------------|16|
|  | 0| 0| 0| 0| 2| 1|  |
-------------------------
     6  5  4  3  2  1

Player 2 makes move 6.
     _  _  _  _  _  _
     1  2  3  4  5  6
-------------------------
|  | 2| 2| 4| 6| 5| 0|  |
|10|-----------------|16|
|  | 0| 0| 0| 0| 2| 1|  | <--
-------------------------
     6  5  4  3  2  1

Player 1 makes move 1.
     _  _  _  _  _  _
     1  2  3  4  5  6
-------------------------
|  | 2| 2| 4| 6| 5| 0|  |
|10|-----------------|17|
|  | 0| 0| 0| 0| 2| 0|  | <--
-------------------------
     6  5  4  3  2  1

Player 1 makes move 2.
     _  _  _  _  _  _
     1  2  3  4  5  6
-------------------------
|  | 2| 2| 4| 6| 5| 0|  |
|10|-----------------|18|
|  | 0| 0| 0| 0| 0| 1|  | <--
-------------------------
     6  5  4  3  2  1

Player 1 makes move 1.
     _  _  _  _  _  _
     1  2  3  4  5  6
-------------------------
|  | 0| 0| 0| 0| 0| 0|  |
|29|-----------------|19|
|  | 0| 0| 0| 0| 0| 0|  | <--
-------------------------
     6  5  4  3  2  1

Time Taken (ms): 
Player 1: 7146
Player 2: 5900
PLAYER 2 WINS
-----------------------------------------------------------------------------------
     _  _  _  _  _  _
     1  2  3  4  5  6
-------------------------
|  | 4| 4| 3| 4| 3| 4|  |
| 0|-----------------| 0|
|  | 4| 4| 5| 4| 4| 5|  | <--
-------------------------
     6  5  4  3  2  1

Player 1 makes move 1.
     _  _  _  _  _  _
     1  2  3  4  5  6
-------------------------
|  | 4| 4| 4| 5| 4| 5|  | <--
| 0|-----------------| 1|
|  | 4| 4| 5| 4| 4| 0|  |
-------------------------
     6  5  4  3  2  1

Player 2 makes move 2.
     _  _  _  _  _  _
     1  2  3  4  5  6
-------------------------
|  | 5| 0| 4| 5| 4| 5|  |
| 1|-----------------| 1|
|  | 5| 5| 5| 4| 4| 0|  | <--
-------------------------
     6  5  4  3  2  1

Player 1 makes move 5.
     _  _  _  _  _  _
     1  2  3  4  5  6
-------------------------
|  | 5| 0| 4| 5| 4| 5|  |
| 1|-----------------| 2|
|  | 5| 0| 6| 5| 5| 1|  | <--
-------------------------
     6  5  4  3  2  1

Player 1 makes move 1.
     _  _  _  _  _  _
     1  2  3  4  5  6
-------------------------
|  | 5| 0| 4| 5| 4| 5|  |
| 1|-----------------| 3|
|  | 5| 0| 6| 5| 5| 0|  | <--
-------------------------
     6  5  4  3  2  1

Player 1 makes move 6.
     _  _  _  _  _  _
     1  2  3  4  5  6
-------------------------
|  | 5| 0| 4| 5| 4| 0|  | <--
| 1|-----------------| 9|
|  | 0| 1| 7| 6| 6| 0|  |
-------------------------
     6  5  4  3  2  1

Player 2 makes move 3.
     _  _  _  _  _  _
     1  2  3  4  5  6
-------------------------
|  | 6| 1| 0| 5| 4| 0|  |
| 2|-----------------| 9|
|  | 1| 1| 7| 6| 6| 0|  | <--
-------------------------
     6  5  4  3  2  1

Player 1 makes move 2.
     _  _  _  _  _  _
     1  2  3  4  5  6
-------------------------
|  | 6| 1| 1| 6| 5| 1|  | <--
| 2|-----------------|10|
|  | 1| 1| 7| 6| 0| 1|  |
-------------------------
     6  5  4  3  2  1

Player 2 makes move 4.
     _  _  _  _  _  _
     1  2  3  4  5  6
-------------------------
|  | 7| 2| 2| 0| 5| 1|  |
| 3|-----------------|10|
|  | 2| 2| 7| 6| 0| 1|  | <--
-------------------------
     6  5  4  3  2  1

Player 1 makes move 1.
     _  _  _  _  _  _
     1  2  3  4  5  6
-------------------------
|  | 7| 2| 2| 0| 5| 1|  |
| 3|-----------------|11|
|  | 2| 2| 7| 6| 0| 0|  | <--
-------------------------
     6  5  4  3  2  1

Player 1 makes move 3.
     _  _  _  _  _  _
     1  2  3  4  5  6
-------------------------
|  | 7| 2| 2| 1| 6| 2|  | <--
| 3|-----------------|12|
|  | 2| 2| 7| 0| 1| 1|  |
-------------------------
     6  5  4  3  2  1

Player 2 makes move 2.
     _  _  _  _  _  _
     1  2  3  4  5  6
-------------------------
|  | 8| 0| 2| 1| 6| 2|  | <--
| 4|-----------------|12|
|  | 2| 2| 7| 0| 1| 1|  |
-------------------------
     6  5  4  3  2  1

Player 2 makes move 5.
     _  _  _  _  _  _
     1  2  3  4  5  6
-------------------------
|  | 9| 1| 3| 2| 0| 2|  |
| 5|-----------------|12|
|  | 3| 2| 7| 0| 1| 1|  | <--
-------------------------
     6  5  4  3  2  1

Player 1 makes move 1.
     _  _  _  _  _  _
     1  2  3  4  5  6
-------------------------
|  | 9| 1| 3| 2| 0| 2|  |
| 5|-----------------|13|
|  | 3| 2| 7| 0| 1| 0|  | <--
-------------------------
     6  5  4  3  2  1

Player 1 makes move 5.
     _  _  _  _  _  _
     1  2  3  4  5  6
-------------------------
|  | 9| 1| 3| 0| 0| 2|  | <--
| 5|-----------------|16|
|  | 3| 0| 8| 0| 1| 0|  |
-------------------------
     6  5  4  3  2  1

Player 2 makes move 3.
     _  _  _  _  _  _
     1  2  3  4  5  6
-------------------------
|  |10| 2| 0| 0| 0| 2|  | <--
| 6|-----------------|16|
|  | 3| 0| 8| 0| 1| 0|  |
-------------------------
     6  5  4  3  2  1

Player 2 makes move 6.
     _  _  _  _  _  _
     1  2  3  4  5  6
-------------------------
|  |10| 2| 0| 0| 1| 0|  |
| 7|-----------------|16|
|  | 3| 0| 8| 0| 1| 0|  | <--
-------------------------
     6  5  4  3  2  1

Player 1 makes move 4.
     _  _  _  _  _  _
     1  2  3  4  5  6
-------------------------
|  |10| 2| 1| 1| 2| 1|  | <--
| 7|-----------------|17|
|  | 3| 0| 0| 1| 2| 1|  |
-------------------------
     6  5  4  3  2  1

Player 2 makes move 2.
     _  _  _  _  _  _
     1  2  3  4  5  6
-------------------------
|  |11| 0| 1| 1| 2| 1|  | <--
| 8|-----------------|17|
|  | 3| 0| 0| 1| 2| 1|  |
-------------------------
     6  5  4  3  2  1

Player 2 makes move 1.
     _  _  _  _  _  _
     1  2  3  4  5  6
-------------------------
|  | 0| 0| 2| 2| 3| 2|  |
| 9|-----------------|17|
|  | 4| 1| 1| 2| 3| 2|  | <--
-------------------------
     6  5  4  3  2  1

Player 1 makes move 1.
     _  _  _  _  _  _
     1  2  3  4  5  6
-------------------------
|  | 0| 0| 2| 2| 3| 3|  | <--
| 9|-----------------|18|
|  | 4| 1| 1| 2| 3| 0|  |
-------------------------
     6  5  4  3  2  1

Player 2 makes move 3.
     _  _  _  _  _  _
     1  2  3  4  5  6
-------------------------
|  | 0| 1| 0| 2| 3| 3|  |
|14|-----------------|18|
|  | 0| 1| 1| 2| 3| 0|  | <--
-------------------------
     6  5  4  3  2  1

Player 1 makes move 3.
     _  _  _  _  _  _
     1  2  3  4  5  6
-------------------------
|  | 0| 1| 0| 2| 3| 0|  | <--
|14|-----------------|22|
|  | 0| 1| 1| 0| 4| 0|  |
-------------------------
     6  5  4  3  2  1

Player 2 makes move 4.
     _  _  _  _  _  _
     1  2  3  4  5  6
-------------------------
|  | 0| 2| 1| 0| 3| 0|  |
|14|-----------------|22|
|  | 0| 1| 1| 0| 4| 0|  | <--
-------------------------
     6  5  4  3  2  1

Player 1 makes move 5.
     _  _  _  _  _  _
     1  2  3  4  5  6
-------------------------
|  | 0| 2| 1| 0| 3| 0|  | <--
|14|-----------------|22|
|  | 0| 0| 2| 0| 4| 0|  |
-------------------------
     6  5  4  3  2  1

Player 2 makes move 5.
     _  _  _  _  _  _
     1  2  3  4  5  6
-------------------------
|  | 0| 3| 2| 1| 0| 0|  |
|14|-----------------|22|
|  | 0| 0| 2| 0| 4| 0|  | <--
-------------------------
     6  5  4  3  2  1

Player 1 makes move 2.
     _  _  _  _  _  _
     1  2  3  4  5  6
-------------------------
|  | 0| 3| 2| 1| 1| 1|  | <--
|14|-----------------|23|
|  | 0| 0| 2| 0| 0| 1|  |
-------------------------
     6  5  4  3  2  1

Player 2 makes move 5.
     _  _  _  _  _  _
     1  2  3  4  5  6
-------------------------
|  | 0| 3| 2| 2| 0| 1|  |
|14|-----------------|23|
|  | 0| 0| 2| 0| 0| 1|  | <--
-------------------------
     6  5  4  3  2  1

Player 1 makes move 4.
     _  _  _  _  _  _
     1  2  3  4  5  6
-------------------------
|  | 0| 3| 2| 2| 0| 1|  | <--
|14|-----------------|24|
|  | 0| 0| 0| 1| 0| 1|  |
-------------------------
     6  5  4  3  2  1

Player 2 makes move 6.
     _  _  _  _  _  _
     1  2  3  4  5  6
-------------------------
|  | 0| 3| 2| 2| 0| 0|  |
|15|-----------------|24|
|  | 0| 0| 0| 1| 0| 1|  | <--
-------------------------
     6  5  4  3  2  1

Player 1 makes move 3.
     _  _  _  _  _  _
     1  2  3  4  5  6
-------------------------
|  | 0| 3| 2| 2| 0| 0|  | <--
|15|-----------------|25|
|  | 0| 0| 0| 0| 0| 1|  |
-------------------------
     6  5  4  3  2  1

Player 2 makes move 4.
     _  _  _  _  _  _
     1  2  3  4  5  6
-------------------------
|  | 0| 4| 3| 0| 0| 0|  |
|15|-----------------|25|
|  | 0| 0| 0| 0| 0| 1|  | <--
-------------------------
     6  5  4  3  2  1

Player 1 makes move 1.
     _  _  _  _  _  _
     1  2  3  4  5  6
-------------------------
|  | 0| 0| 0| 0| 0| 0|  |
|22|-----------------|26|
|  | 0| 0| 0| 0| 0| 0|  | <--
-------------------------
     6  5  4  3  2  1

Time Taken (ms): 
Player 1: 7308
Player 2: 7197
PLAYER 1 WINS
-----------------------------------------------------------------------------------
     _  _  _  _  _  _
     1  2  3  4  5  6
-------------------------
|  | 4| 4| 4| 4| 2| 4|  |
| 0|-----------------| 0|
|  | 4| 4| 5| 5| 4| 4|  | <--
-------------------------
     6  5  4  3  2  1

Player 1 makes move 1.
     _  _  _  _  _  _
     1  2  3  4  5  6
-------------------------
|  | 4| 4| 4| 5| 3| 5|  | <--
| 0|-----------------| 1|
|  | 4| 4| 5| 5| 4| 0|  |
-------------------------
     6  5  4  3  2  1

Player 2 makes move 2.
     _  _  _  _  _  _
     1  2  3  4  5  6
-------------------------
|  | 5| 0| 4| 5| 3| 5|  |
| 1|-----------------| 1|
|  | 5| 5| 5| 5| 4| 0|  | <--
-------------------------
     6  5  4  3  2  1

Player 1 makes move 5.
     _  _  _  _  _  _
     1  2  3  4  5  6
-------------------------
|  | 5| 0| 4| 5| 3| 5|  |
| 1|-----------------| 2|
|  | 5| 0| 6| 6| 5| 1|  | <--
-------------------------
     6  5  4  3  2  1

Player 1 makes move 1.
     _  _  _  _  _  _
     1  2  3  4  5  6
-------------------------
|  | 5| 0| 4| 5| 3| 5|  |
| 1|-----------------| 3|
|  | 5| 0| 6| 6| 5| 0|  | <--
-------------------------
     6  5  4  3  2  1

Player 1 makes move 2.
     _  _  _  _  _  _
     1  2  3  4  5  6
-------------------------
|  | 5| 0| 4| 6| 4| 6|  | <--
| 1|-----------------| 4|
|  | 5| 0| 6| 6| 0| 1|  |
-------------------------
     6  5  4  3  2  1

Player 2 makes move 6.
     _  _  _  _  _  _
     1  2  3  4  5  6
-------------------------
|  | 6| 1| 5| 7| 5| 0|  | <--
| 2|-----------------| 4|
|  | 5| 0| 6| 6| 0| 1|  |
-------------------------
     6  5  4  3  2  1

Player 2 makes move 4.
     _  _  _  _  _  _
     1  2  3  4  5  6
-------------------------
|  | 7| 2| 6| 0| 5| 0|  |
| 3|-----------------| 4|
|  | 6| 1| 7| 6| 0| 1|  | <--
-------------------------
     6  5  4  3  2  1

Player 1 makes move 1.
     _  _  _  _  _  _
     1  2  3  4  5  6
-------------------------
|  | 7| 2| 6| 0| 5| 0|  |
| 3|-----------------| 5|
|  | 6| 1| 7| 6| 0| 0|  | <--
-------------------------
     6  5  4  3  2  1

Player 1 makes move 6.
     _  _  _  _  _  _
     1  2  3  4  5  6
-------------------------
|  | 7| 2| 6| 0| 5| 0|  |
| 3|-----------------| 6|
|  | 0| 2| 8| 7| 1| 1|  | <--
-------------------------
     6  5  4  3  2  1

Player 1 makes move 1.
     _  _  _  _  _  _
     1  2  3  4  5  6
-------------------------
|  | 7| 2| 6| 0| 5| 0|  |
| 3|-----------------| 7|
|  | 0| 2| 8| 7| 1| 0|  | <--
-------------------------
     6  5  4  3  2  1

Player 1 makes move 4.
     _  _  _  _  _  _
     1  2  3  4  5  6
-------------------------
|  | 7| 2| 7| 1| 6| 1|  | <--
| 3|-----------------| 8|
|  | 0| 2| 0| 8| 2| 1|  |
-------------------------
     6  5  4  3  2  1

Player 2 makes move 2.
     _  _  _  _  _  _
     1  2  3  4  5  6
-------------------------
|  | 8| 0| 7| 1| 6| 1|  | <--
| 4|-----------------| 8|
|  | 0| 2| 0| 8| 2| 1|  |
-------------------------
     6  5  4  3  2  1

Player 2 makes move 5.
     _  _  _  _  _  _
     1  2  3  4  5  6
-------------------------
|  | 9| 1| 8| 2| 0| 1|  |
| 5|-----------------| 8|
|  | 1| 2| 0| 8| 2| 1|  | <--
-------------------------
     6  5  4  3  2  1

Player 1 makes move 1.
     _  _  _  _  _  _
     1  2  3  4  5  6
-------------------------
|  | 9| 1| 8| 2| 0| 1|  |
| 5|-----------------| 9|
|  | 1| 2| 0| 8| 2| 0|  | <--
-------------------------
     6  5  4  3  2  1

Player 1 makes move 2.
     _  _  _  _  _  _
     1  2  3  4  5  6
-------------------------
|  | 9| 1| 8| 2| 0| 1|  |
| 5|-----------------|10|
|  | 1| 2| 0| 8| 0| 1|  | <--
-------------------------
     6  5  4  3  2  1

Player 1 makes move 1.
     _  _  _  _  _  _
     1  2  3  4  5  6
-------------------------
|  | 9| 1| 8| 2| 0| 1|  |
| 5|-----------------|11|
|  | 1| 2| 0| 8| 0| 0|  | <--
-------------------------
     6  5  4  3  2  1

Player 1 makes move 3.
     _  _  _  _  _  _
     1  2  3  4  5  6
-------------------------
|  | 9| 2| 9| 3| 1| 2|  | <--
| 5|-----------------|12|
|  | 1| 2| 0| 0| 1| 1|  |
-------------------------
     6  5  4  3  2  1

Player 2 makes move 1.
     _  _  _  _  _  _
     1  2  3  4  5  6
-------------------------
|  | 0| 2| 9| 3| 2| 3|  |
| 6|-----------------|12|
|  | 2| 3| 1| 1| 2| 2|  | <--
-------------------------
     6  5  4  3  2  1

Player 1 makes move 4.
     _  _  _  _  _  _
     1  2  3  4  5  6
-------------------------
|  | 0| 2| 9| 3| 2| 3|  | <--
| 6|-----------------|12|
|  | 2| 3| 0| 2| 2| 2|  |
-------------------------
     6  5  4  3  2  1

Player 2 makes move 2.
     _  _  _  _  _  _
     1  2  3  4  5  6
-------------------------
|  | 1| 0| 9| 3| 2| 3|  | <--
| 7|-----------------|12|
|  | 2| 3| 0| 2| 2| 2|  |
-------------------------
     6  5  4  3  2  1

Player 2 makes move 1.
     _  _  _  _  _  _
     1  2  3  4  5  6
-------------------------
|  | 0| 0| 9| 3| 2| 3|  | <--
| 8|-----------------|12|
|  | 2| 3| 0| 2| 2| 2|  |
-------------------------
     6  5  4  3  2  1

Player 2 makes move 3.
     _  _  _  _  _  _
     1  2  3  4  5  6
-------------------------
|  | 1| 1| 0| 3| 2| 3|  |
| 9|-----------------|12|
|  | 3| 4| 1| 3| 3| 3|  | <--
-------------------------
     6  5  4  3  2  1

Player 1 makes move 1.
     _  _  _  _  _  _
     1  2  3  4  5  6
-------------------------
|  | 1| 1| 0| 3| 3| 4|  | <--
| 9|-----------------|13|
|  | 3| 4| 1| 3| 3| 0|  |
-------------------------
     6  5  4  3  2  1

Player 2 makes move 1.
     _  _  _  _  _  _
     1  2  3  4  5  6
-------------------------
|  | 0| 1| 0| 3| 3| 4|  | <--
|10|-----------------|13|
|  | 3| 4| 1| 3| 3| 0|  |
-------------------------
     6  5  4  3  2  1

Player 2 makes move 2.
     _  _  _  _  _  _
     1  2  3  4  5  6
-------------------------
|  | 0| 0| 0| 3| 3| 4|  |
|14|-----------------|13|
|  | 0| 4| 1| 3| 3| 0|  | <--
-------------------------
     6  5  4  3  2  1

Player 1 makes move 3.
     _  _  _  _  _  _
     1  2  3  4  5  6
-------------------------
|  | 0| 0| 0| 3| 3| 4|  |
|14|-----------------|14|
|  | 0| 4| 1| 0| 4| 1|  | <--
-------------------------
     6  5  4  3  2  1

Player 1 makes move 1.
     _  _  _  _  _  _
     1  2  3  4  5  6
-------------------------
|  | 0| 0| 0| 3| 3| 4|  |
|14|-----------------|15|
|  | 0| 4| 1| 0| 4| 0|  | <--
-------------------------
     6  5  4  3  2  1

Player 1 makes move 5.
     _  _  _  _  _  _
     1  2  3  4  5  6
-------------------------
|  | 0| 0| 0| 3| 3| 0|  | <--
|14|-----------------|20|
|  | 0| 0| 2| 1| 5| 0|  |
-------------------------
     6  5  4  3  2  1

Player 2 makes move 4.
     _  _  _  _  _  _
     1  2  3  4  5  6
-------------------------
|  | 0| 1| 1| 0| 3| 0|  |
|15|-----------------|20|
|  | 0| 0| 2| 1| 5| 0|  | <--
-------------------------
     6  5  4  3  2  1

Player 1 makes move 2.
     _  _  _  _  _  _
     1  2  3  4  5  6
-------------------------
|  | 0| 1| 1| 1| 4| 1|  | <--
|15|-----------------|21|
|  | 0| 0| 2| 1| 0| 1|  |
-------------------------
     6  5  4  3  2  1

Player 2 makes move 5.
     _  _  _  _  _  _
     1  2  3  4  5  6
-------------------------
|  | 0| 2| 2| 2| 0| 1|  |
|16|-----------------|21|
|  | 0| 0| 2| 1| 0| 1|  | <--
-------------------------
     6  5  4  3  2  1

Player 1 makes move 4.
     _  _  _  _  _  _
     1  2  3  4  5  6
-------------------------
|  | 0| 2| 2| 2| 0| 1|  | <--
|16|-----------------|22|
|  | 0| 0| 0| 2| 0| 1|  |
-------------------------
     6  5  4  3  2  1

Player 2 makes move 6.
     _  _  _  _  _  _
     1  2  3  4  5  6
-------------------------
|  | 0| 2| 2| 2| 0| 0|  |
|17|-----------------|22|
|  | 0| 0| 0| 2| 0| 1|  | <--
-------------------------
     6  5  4  3  2  1

Player 1 makes move 1.
     _  _  _  _  _  _
     1  2  3  4  5  6
-------------------------
|  | 0| 2| 2| 2| 0| 0|  |
|17|-----------------|23|
|  | 0| 0| 0| 2| 0| 0|  | <--
-------------------------
     6  5  4  3  2  1

Player 1 makes move 3.
     _  _  _  _  _  _
     1  2  3  4  5  6
-------------------------
|  | 0| 2| 2| 2| 0| 0|  | <--
|17|-----------------|24|
|  | 0| 0| 0| 0| 1| 0|  |
-------------------------
     6  5  4  3  2  1

Player 2 makes move 4.
     _  _  _  _  _  _
     1  2  3  4  5  6
-------------------------
|  | 0| 3| 3| 0| 0| 0|  |
|17|-----------------|24|
|  | 0| 0| 0| 0| 1| 0|  | <--
-------------------------
     6  5  4  3  2  1

Player 1 makes move 2.
     _  _  _  _  _  _
     1  2  3  4  5  6
-------------------------
|  | 0| 0| 0| 0| 0| 0|  | <--
|23|-----------------|25|
|  | 0| 0| 0| 0| 0| 0|  |
-------------------------
     6  5  4  3  2  1

Time Taken (ms): 
Player 1: 7400
Player 2: 7200
PLAYER 1 WINS
-----------------------------------------------------------------------------------
     _  _  _  _  _  _
     1  2  3  4  5  6
-------------------------
|  | 4| 3| 4| 3| 4| 4|  |
| 0|-----------------| 0|
|  | 4| 4| 5| 5| 4| 4|  | <--
-------------------------
     6  5  4  3  2  1

Player 1 makes move 1.
     _  _  _  _  _  _
     1  2  3  4  5  6
-------------------------
|  | 4| 3| 4| 4| 5| 5|  | <--
| 0|-----------------| 1|
|  | 4| 4| 5| 5| 4| 0|  |
-------------------------
     6  5  4  3  2  1

Player 2 makes move 4.
     _  _  _  _  _  _
     1  2  3  4  5  6
-------------------------
|  | 5| 4| 5| 0| 5| 5|  | <--
| 1|-----------------| 1|
|  | 4| 4| 5| 5| 4| 0|  |
-------------------------
     6  5  4  3  2  1

Player 2 makes move 2.
     _  _  _  _  _  _
     1  2  3  4  5  6
-------------------------
|  | 6| 0| 5| 0| 5| 5|  |
| 2|-----------------| 1|
|  | 5| 5| 5| 5| 4| 0|  | <--
-------------------------
     6  5  4  3  2  1

Player 1 makes move 5.
     _  _  _  _  _  _
     1  2  3  4  5  6
-------------------------
|  | 6| 0| 5| 0| 5| 5|  |
| 2|-----------------| 2|
|  | 5| 0| 6| 6| 5| 1|  | <--
-------------------------
     6  5  4  3  2  1

Player 1 makes move 1.
     _  _  _  _  _  _
     1  2  3  4  5  6
-------------------------
|  | 6| 0| 5| 0| 5| 5|  |
| 2|-----------------| 3|
|  | 5| 0| 6| 6| 5| 0|  | <--
-------------------------
     6  5  4  3  2  1

Player 1 makes move 3.
     _  _  _  _  _  _
     1  2  3  4  5  6
-------------------------
|  | 6| 0| 5| 1| 6| 6|  | <--
| 2|-----------------| 4|
|  | 5| 0| 6| 0| 6| 1|  |
-------------------------
     6  5  4  3  2  1

Player 2 makes move 6.
     _  _  _  _  _  _
     1  2  3  4  5  6
-------------------------
|  | 7| 1| 6| 2| 7| 0|  | <--
| 3|-----------------| 4|
|  | 5| 0| 6| 0| 6| 1|  |
-------------------------
     6  5  4  3  2  1

Player 2 makes move 3.
     _  _  _  _  _  _
     1  2  3  4  5  6
-------------------------
|  | 8| 2| 0| 2| 7| 0|  |
| 4|-----------------| 4|
|  | 6| 1| 7| 0| 6| 1|  | <--
-------------------------
     6  5  4  3  2  1

Player 1 makes move 1.
     _  _  _  _  _  _
     1  2  3  4  5  6
-------------------------
|  | 8| 2| 0| 2| 7| 0|  |
| 4|-----------------| 5|
|  | 6| 1| 7| 0| 6| 0|  | <--
-------------------------
     6  5  4  3  2  1

Player 1 makes move 6.
     _  _  _  _  _  _
     1  2  3  4  5  6
-------------------------
|  | 8| 2| 0| 2| 7| 0|  |
| 4|-----------------| 6|
|  | 0| 2| 8| 1| 7| 1|  | <--
-------------------------
     6  5  4  3  2  1

Player 1 makes move 2.
     _  _  _  _  _  _
     1  2  3  4  5  6
-------------------------
|  | 8| 3| 1| 3| 8| 1|  | <--
| 4|-----------------| 7|
|  | 0| 2| 8| 1| 0| 2|  |
-------------------------
     6  5  4  3  2  1

Player 2 makes move 2.
     _  _  _  _  _  _
     1  2  3  4  5  6
-------------------------
|  | 9| 0| 1| 3| 8| 1|  |
| 5|-----------------| 7|
|  | 1| 2| 8| 1| 0| 2|  | <--
-------------------------
     6  5  4  3  2  1

Player 1 makes move 3.
     _  _  _  _  _  _
     1  2  3  4  5  6
-------------------------
|  | 9| 0| 1| 3| 0| 1|  | <--
| 5|-----------------|16|
|  | 1| 2| 8| 0| 0| 2|  |
-------------------------
     6  5  4  3  2  1

Player 2 makes move 3.
     _  _  _  _  _  _
     1  2  3  4  5  6
-------------------------
|  | 9| 0| 0| 3| 0| 1|  |
| 8|-----------------|16|
|  | 1| 0| 8| 0| 0| 2|  | <--
-------------------------
     6  5  4  3  2  1

Player 1 makes move 1.
     _  _  _  _  _  _
     1  2  3  4  5  6
-------------------------
|  | 9| 0| 0| 3| 0| 2|  | <--
| 8|-----------------|17|
|  | 1| 0| 8| 0| 0| 0|  |
-------------------------
     6  5  4  3  2  1

Player 2 makes move 4.
     _  _  _  _  _  _
     1  2  3  4  5  6
-------------------------
|  |10| 1| 1| 0| 0| 2|  |
| 8|-----------------|17|
|  | 1| 0| 8| 0| 0| 0|  | <--
-------------------------
     6  5  4  3  2  1

Player 1 makes move 6.
     _  _  _  _  _  _
     1  2  3  4  5  6
-------------------------
|  |10| 0| 1| 0| 0| 2|  | <--
| 8|-----------------|19|
|  | 0| 0| 8| 0| 0| 0|  |
-------------------------
     6  5  4  3  2  1

Player 2 makes move 6.
     _  _  _  _  _  _
     1  2  3  4  5  6
-------------------------
|  |10| 0| 1| 0| 1| 0|  |
| 9|-----------------|19|
|  | 0| 0| 8| 0| 0| 0|  | <--
-------------------------
     6  5  4  3  2  1

Player 1 makes move 4.
     _  _  _  _  _  _
     1  2  3  4  5  6
-------------------------
|  |10| 0| 2| 1| 2| 1|  | <--
| 9|-----------------|20|
|  | 0| 0| 0| 1| 1| 1|  |
-------------------------
     6  5  4  3  2  1

Player 2 makes move 6.
     _  _  _  _  _  _
     1  2  3  4  5  6
-------------------------
|  |10| 0| 2| 1| 3| 0|  |
| 9|-----------------|20|
|  | 0| 0| 0| 1| 1| 1|  | <--
-------------------------
     6  5  4  3  2  1

Player 1 makes move 3.
     _  _  _  _  _  _
     1  2  3  4  5  6
-------------------------
|  |10| 0| 2| 1| 3| 0|  | <--
| 9|-----------------|20|
|  | 0| 0| 0| 0| 2| 1|  |
-------------------------
     6  5  4  3  2  1

Player 2 makes move 5.
     _  _  _  _  _  _
     1  2  3  4  5  6
-------------------------
|  |10| 0| 3| 2| 0| 0|  |
|10|-----------------|20|
|  | 0| 0| 0| 0| 2| 1|  | <--
-------------------------
     6  5  4  3  2  1

Player 1 makes move 1.
     _  _  _  _  _  _
     1  2  3  4  5  6
-------------------------
|  |10| 0| 3| 2| 0| 0|  |
|10|-----------------|21|
|  | 0| 0| 0| 0| 2| 0|  | <--
-------------------------
     6  5  4  3  2  1

Player 1 makes move 2.
     _  _  _  _  _  _
     1  2  3  4  5  6
-------------------------
|  |10| 0| 3| 2| 0| 0|  |
|10|-----------------|22|
|  | 0| 0| 0| 0| 0| 1|  | <--
-------------------------
     6  5  4  3  2  1

Player 1 makes move 1.
     _  _  _  _  _  _
     1  2  3  4  5  6
-------------------------
|  | 0| 0| 0| 0| 0| 0|  |
|25|-----------------|23|
|  | 0| 0| 0| 0| 0| 0|  | <--
-------------------------
     6  5  4  3  2  1

Time Taken (ms): 
Player 1: 7018
Player 2: 6197
PLAYER 2 WINS
-----------------------------------------------------------------------------------
Player 1 wins: 5
Player 2 wins: 2
Player 1 points won: 170
Player 2 points won: 166
Player 1 total time used: 50801
Player 2 total time used: 48526
Player 1 name: BKMancalaPlayer
Player 2 name: ModSimpleMancalaPlayer
